<?xml version="1.0" encoding="UTF-8"?>
<!-- Generated by org.testng.reporters.JUnitXMLReporter -->
<testsuite ignored="0" hostname="DESKTOP-CML7SCJ" failures="0" tests="4" name="test loai " time="43.811" errors="0" timestamp="2023-11-06T08:41:22 AST">
  <testcase classname="Test.CheckOutUsingUnregisteredUserTest" name="checkSearchUsingAutoCompleteByUser" time="5.603"/>
  <testcase classname="Test.CheckOutUsingUnregisteredUserTest" name="checkAddToCart" time="10.342"/>
  <testcase classname="Test.CheckOutUsingUnregisteredUserTest" name="checkCheckoutByUnregisteredUser" time="26.514"/>
  <testcase classname="Test.CheckOutUsingUnregisteredUserTest" name="checkInvoiceByUser" time="1.318"/>
</testsuite> <!-- test loai  -->
