<?xml version="1.0" encoding="UTF-8"?>
<!-- Generated by org.testng.reporters.JUnitXMLReporter -->
<testsuite ignored="0" hostname="DESKTOP-CML7SCJ" failures="0" tests="3" name="test loai" time="6.263" errors="0" timestamp="2023-11-06T14:21:42 AST">
  <testcase classname="Test.RegistrationTest" name="checkRegistrationSuccessfully" time="1.721"/>
  <testcase classname="Test.RegistrationTest" name="checkLoginByRegisteredUser" time="3.639"/>
  <testcase classname="Test.RegistrationTest" name="checkLogoutByRegisteredUserAfterChangePassword" time="0.855"/>
</testsuite> <!-- test loai -->
