<?xml version="1.0" encoding="UTF-8"?>
<testng-results ignored="0" total="2" passed="2" failed="0" skipped="0">
  <reporter-output>
  </reporter-output>
  <suite started-at="2023-11-14T14:07:52 AST" name="loai tests" finished-at="2023-11-14T14:08:15 AST" duration-ms="23267">
    <groups>
      <group name="cucumber">
        <method signature="AbstractTestNGCucumberTests.runScenario(io.cucumber.testng.PickleWrapper,io.cucumber.testng.FeatureWrapper)[pri:0, instance:Runner.TestRunner@e056f20]" name="runScenario" class="io.cucumber.testng.AbstractTestNGCucumberTests"/>
      </group> <!-- cucumber -->
    </groups>
    <test started-at="2023-11-14T14:07:52 AST" name="test loai" finished-at="2023-11-14T14:08:15 AST" duration-ms="23267">
      <class name="Runner.TestRunner">
        <test-method is-config="true" signature="startDriver(java.lang.String)[pri:0, instance:Runner.TestRunner@e056f20]" started-at="2023-11-14T14:07:40 AST" name="startDriver" finished-at="2023-11-14T14:07:52 AST" duration-ms="11254" status="PASS">
          <params>
            <param index="0">
              <value>
                <![CDATA[chrome]]>
              </value>
            </param>
          </params>
          <reporter-output>
          </reporter-output>
        </test-method> <!-- startDriver -->
        <test-method is-config="true" signature="setUpClass(org.testng.ITestContext)[pri:0, instance:Runner.TestRunner@e056f20]" started-at="2023-11-14T14:07:52 AST" name="setUpClass" finished-at="2023-11-14T14:07:52 AST" duration-ms="493" status="PASS">
          <params>
            <param index="0">
              <value>
                <![CDATA[org.testng.TestRunner@2e51d054]]>
              </value>
            </param>
          </params>
          <reporter-output>
          </reporter-output>
        </test-method> <!-- setUpClass -->
        <test-method signature="runScenario(io.cucumber.testng.PickleWrapper,io.cucumber.testng.FeatureWrapper)[pri:0, instance:Runner.TestRunner@e056f20]" started-at="2023-11-14T14:07:52 AST" name="runScenario" description="Runs Cucumber Scenarios" data-provider="scenarios" finished-at="2023-11-14T14:08:02 AST" duration-ms="9773" status="PASS">
          <params>
            <param index="0">
              <value>
                <![CDATA[": user Registration"]]>
              </value>
            </param>
            <param index="1">
              <value>
                <![CDATA["UserRegistration"]]>
              </value>
            </param>
          </params>
          <reporter-output>
          </reporter-output>
        </test-method> <!-- runScenario -->
        <test-method is-config="true" signature="takeScreenshotOnFailure(org.testng.ITestResult)[pri:0, instance:Runner.TestRunner@e056f20]" started-at="2023-11-14T14:08:02 AST" name="takeScreenshotOnFailure" finished-at="2023-11-14T14:08:02 AST" duration-ms="1" status="PASS">
          <params>
            <param index="0">
              <value>
                <![CDATA[[TestResult name=runScenario status=SUCCESS method=AbstractTestNGCucumberTests.runScenario(io.cucumber.testng.PickleWrapper,io.cucumber.testng.FeatureWrapper)[pri:0, instance:Runner.TestRunner@e056f20] output={null}]]]>
              </value>
            </param>
          </params>
          <reporter-output>
          </reporter-output>
        </test-method> <!-- takeScreenshotOnFailure -->
        <test-method signature="runScenario(io.cucumber.testng.PickleWrapper,io.cucumber.testng.FeatureWrapper)[pri:0, instance:Runner.TestRunner@e056f20]" started-at="2023-11-14T14:08:02 AST" name="runScenario" description="Runs Cucumber Scenarios" data-provider="scenarios" finished-at="2023-11-14T14:08:15 AST" duration-ms="12937" status="PASS">
          <params>
            <param index="0">
              <value>
                <![CDATA[": user Registration"]]>
              </value>
            </param>
            <param index="1">
              <value>
                <![CDATA["UserRegistration"]]>
              </value>
            </param>
          </params>
          <reporter-output>
          </reporter-output>
        </test-method> <!-- runScenario -->
        <test-method is-config="true" signature="takeScreenshotOnFailure(org.testng.ITestResult)[pri:0, instance:Runner.TestRunner@e056f20]" started-at="2023-11-14T14:08:15 AST" name="takeScreenshotOnFailure" finished-at="2023-11-14T14:08:15 AST" duration-ms="1" status="PASS">
          <params>
            <param index="0">
              <value>
                <![CDATA[[TestResult name=runScenario status=SUCCESS method=AbstractTestNGCucumberTests.runScenario(io.cucumber.testng.PickleWrapper,io.cucumber.testng.FeatureWrapper)[pri:0, instance:Runner.TestRunner@e056f20] output={null}]]]>
              </value>
            </param>
          </params>
          <reporter-output>
          </reporter-output>
        </test-method> <!-- takeScreenshotOnFailure -->
        <test-method is-config="true" signature="tearDownClass()[pri:0, instance:Runner.TestRunner@e056f20]" started-at="2023-11-14T14:08:15 AST" name="tearDownClass" finished-at="2023-11-14T14:08:15 AST" duration-ms="24" status="PASS">
          <reporter-output>
          </reporter-output>
        </test-method> <!-- tearDownClass -->
      </class> <!-- Runner.TestRunner -->
    </test> <!-- test loai -->
  </suite> <!-- loai tests -->
</testng-results>
